SUMMARY OF C0NVERGENCE INFORMATION
  STEP   INC  ATT   ITER     CONT.   RESID.        CORR.      RESID.      CORR.
                              EL.    FORCE         DISP       FLUX        TEMP.
                              (#)     (%)           (%)        (%)         (%)
     1     1     1     1        0  0.1742E+04  0.1000E+03  0.0000E+00  0.0000E+00
     1     1     1     2        0  0.1943E+04  0.9379E+01  0.0000E+00  0.0000E+00
     1     1     1     3        0  0.2032E+02  0.3027E+00  0.0000E+00  0.0000E+00
     1     1     1     4        0  0.5712E+01  0.4617E+00  0.0000E+00  0.0000E+00
     1     1     1     5        0  0.9167E-02  0.1763E-01  0.0000E+00  0.0000E+00
     1     2     1     1        0  0.3227E+04  0.1663E+02  0.0000E+00  0.0000E+00
     1     2     1     2        0  0.1305E+03  0.9691E+00  0.0000E+00  0.0000E+00
     1     2     1     3        0  0.1967E+03  0.3980E+01  0.0000E+00  0.0000E+00
     1     2     1     4        0  0.1666E+02  0.8297E+00  0.0000E+00  0.0000E+00
     1     2     1     5        0  0.2112E+02  0.1082E+01  0.0000E+00  0.0000E+00
     1     2     1     6        0  0.1428E+00  0.8430E-01  0.0000E+00  0.0000E+00
     1     3     1     1        0  0.3209E+04  0.1427E+02  0.0000E+00  0.0000E+00
     1     3     1     2        0  0.3502E+02  0.1005E+01  0.0000E+00  0.0000E+00
     1     3     1     3        0  0.7336E+03  0.9441E+01  0.0000E+00  0.0000E+00
     1     3     1     4        0  0.1699E+01  0.2945E+00  0.0000E+00  0.0000E+00
     1     3     1     5        0  0.4150E+02  0.1862E+01  0.0000E+00  0.0000E+00
     1     3     1     6        0  0.3986E-02  0.1591E-01  0.0000E+00  0.0000E+00
     1     4     1     1        0  0.2176E+04  0.1170E+02  0.0000E+00  0.0000E+00
     1     4     1     2        0  0.9382E+01  0.1272E+01  0.0000E+00  0.0000E+00
     1     4     1     3        0  0.8045E+03  0.1253E+02  0.0000E+00  0.0000E+00
     1     4     1     4        0  0.7450E+00  0.2120E+00  0.0000E+00  0.0000E+00
     1     4     1     5        0  0.3774E+01  0.7845E+00  0.0000E+00  0.0000E+00
     1     4     1     6        0  0.1355E-03  0.4175E-02  0.0000E+00  0.0000E+00
     1     5     1     1        0  0.1153E+04  0.9583E+01  0.0000E+00  0.0000E+00
     1     5     1     2        0  0.7278E+01  0.2009E+01  0.0000E+00  0.0000E+00
     1     5     1     3        0  0.5533E+03  0.1211E+02  0.0000E+00  0.0000E+00
     1     5     1     4        0  0.3718E+00  0.2796E+00  0.0000E+00  0.0000E+00
     1     6     1     1        0  0.5130E+03  0.9107E+01  0.0000E+00  0.0000E+00
     1     6     1     2        0  0.1853E+02  0.3742E+01  0.0000E+00  0.0000E+00
     1     6     1     3        0  0.2799E+03  0.1146E+02  0.0000E+00  0.0000E+00
     1     6     1     4        0  0.9756E+00  0.7322E+00  0.0000E+00  0.0000E+00
     1     6     1     5        0  0.4581E+01  0.1430E+01  0.0000E+00  0.0000E+00
     1     6     1     6        0  0.3296E-03  0.1140E-01  0.0000E+00  0.0000E+00
     1     7     1     1        0  0.1919E+03  0.8209E+01  0.0000E+00  0.0000E+00
     1     7     1     2        0  0.3195E+02  0.6396E+01  0.0000E+00  0.0000E+00
     1     7     1     3        0  0.5325E+02  0.7065E+01  0.0000E+00  0.0000E+00
     1     7     1     4        0  0.2144E+01  0.1429E+01  0.0000E+00  0.0000E+00
     1     7     1     5        0  0.3457E+00  0.5511E+00  0.0000E+00  0.0000E+00
     1     8     1     1        0  0.8700E+02  0.7257E+01  0.0000E+00  0.0000E+00
     1     8     1     2        0  0.5149E+02  0.9875E+01  0.0000E+00  0.0000E+00
     1     8     1     3        0  0.1335E+02  0.4465E+01  0.0000E+00  0.0000E+00
     1     8     1     4        0  0.1897E+01  0.1675E+01  0.0000E+00  0.0000E+00
     1     8     1     5        0  0.1739E-01  0.1544E+00  0.0000E+00  0.0000E+00
     1     9     1     1        0  0.3916E+02  0.6054E+01  0.0000E+00  0.0000E+00
     1     9     1     2        0  0.5098E+02  0.1147E+02  0.0000E+00  0.0000E+00
     1     9     1     3        0  0.2687E+01  0.2382E+01  0.0000E+00  0.0000E+00
     1     9     1     4        0  0.3857E+00  0.8893E+00  0.0000E+00  0.0000E+00
     1    10     1     1        0  0.1862E+02  0.5171E+01  0.0000E+00  0.0000E+00
     1    10     1     2        0  0.4028E+02  0.1193E+02  0.0000E+00  0.0000E+00
     1    10     1     3        0  0.5459E+00  0.1264E+01  0.0000E+00  0.0000E+00
     1    10     1     4        0  0.4617E-01  0.3602E+00  0.0000E+00  0.0000E+00
     1    11     1     1        0  0.3208E+02  0.5483E+01  0.0000E+00  0.0000E+00
     1    11     1     2        0  0.6950E+02  0.1248E+02  0.0000E+00  0.0000E+00
     1    11     1     3        0  0.1997E+01  0.1953E+01  0.0000E+00  0.0000E+00
     1    11     1     4        0  0.4524E+00  0.8854E+00  0.0000E+00  0.0000E+00
     1    12     1     1        0  0.7469E+02  0.6843E+01  0.0000E+00  0.0000E+00
     1    12     1     2        0  0.1223E+03  0.1361E+02  0.0000E+00  0.0000E+00
     1    12     1     3        0  0.1072E+02  0.3834E+01  0.0000E+00  0.0000E+00
     1    12     1     4        0  0.6008E+01  0.2615E+01  0.0000E+00  0.0000E+00
     1    12     1     5        0  0.2454E-01  0.1595E+00  0.0000E+00  0.0000E+00
     1    13     1     1        0  0.4209E+02  0.6555E+01  0.0000E+00  0.0000E+00
     1    13     1     2        0  0.1214E+03  0.1706E+02  0.0000E+00  0.0000E+00
     1    13     1     3        0  0.2567E+01  0.2482E+01  0.0000E+00  0.0000E+00
     1    13     1     4        0  0.1380E+01  0.1586E+01  0.0000E+00  0.0000E+00
     1    13     1     5        0  0.3230E-03  0.2317E-01  0.0000E+00  0.0000E+00
     1    14     1     1        0  0.1712E+02  0.5263E+01  0.0000E+00  0.0000E+00
     1    14     1     2        0  0.7213E+02  0.1705E+02  0.0000E+00  0.0000E+00
     1    14     1     3        0  0.2476E+00  0.9923E+00  0.0000E+00  0.0000E+00
     1    15     1     1        0  0.4245E+01  0.4158E+01  0.0000E+00  0.0000E+00
     1    15     1     2        0  0.2058E+02  0.1474E+02  0.0000E+00  0.0000E+00
     1    15     1     3        0  0.5115E-02  0.2128E+00  0.0000E+00  0.0000E+00
