SUMMARY OF C0NVERGENCE INFORMATION
  STEP   INC  ATT   ITER     CONT.   RESID.        CORR.      RESID.      CORR.
                              EL.    FORCE         DISP       FLUX        TEMP.
                              (#)     (%)           (%)        (%)         (%)
     1     1     1     1        0  0.1787E+04  0.1000E+03  0.0000E+00  0.0000E+00
     1     1     1     2        0  0.2125E+04  0.9379E+01  0.0000E+00  0.0000E+00
     1     1     1     3        0  0.3885E+02  0.3027E+00  0.0000E+00  0.0000E+00
     1     1     1     4        0  0.1100E+02  0.4623E+00  0.0000E+00  0.0000E+00
     1     1     1     5        0  0.1787E-01  0.1766E-01  0.0000E+00  0.0000E+00
     1     2     1     1        0  0.3483E+04  0.1663E+02  0.0000E+00  0.0000E+00
     1     2     1     2        0  0.2476E+03  0.9689E+00  0.0000E+00  0.0000E+00
     1     2     1     3        0  0.3704E+03  0.3982E+01  0.0000E+00  0.0000E+00
     1     2     1     4        0  0.3206E+02  0.8296E+00  0.0000E+00  0.0000E+00
     1     2     1     5        0  0.4102E+02  0.1083E+01  0.0000E+00  0.0000E+00
     1     2     1     6        0  0.2766E+00  0.8433E-01  0.0000E+00  0.0000E+00
     1     3     1     1        0  0.3830E+04  0.1427E+02  0.0000E+00  0.0000E+00
     1     3     1     2        0  0.6713E+02  0.1007E+01  0.0000E+00  0.0000E+00
     1     3     1     3        0  0.1249E+04  0.9444E+01  0.0000E+00  0.0000E+00
     1     3     1     4        0  0.3263E+01  0.2945E+00  0.0000E+00  0.0000E+00
     1     3     1     5        0  0.8020E+02  0.1862E+01  0.0000E+00  0.0000E+00
     1     3     1     6        0  0.7671E-02  0.1592E-01  0.0000E+00  0.0000E+00
     1     4     1     1        0  0.3127E+04  0.1170E+02  0.0000E+00  0.0000E+00
     1     4     1     2        0  0.1809E+02  0.1276E+01  0.0000E+00  0.0000E+00
     1     4     1     3        0  0.1388E+04  0.1253E+02  0.0000E+00  0.0000E+00
     1     4     1     4        0  0.1435E+01  0.2123E+00  0.0000E+00  0.0000E+00
     1     4     1     5        0  0.7318E+01  0.7851E+00  0.0000E+00  0.0000E+00
     1     4     1     6        0  0.2615E-03  0.4179E-02  0.0000E+00  0.0000E+00
     1     5     1     1        0  0.1982E+04  0.9584E+01  0.0000E+00  0.0000E+00
     1     5     1     2        0  0.1418E+02  0.2014E+01  0.0000E+00  0.0000E+00
     1     5     1     3        0  0.1016E+04  0.1211E+02  0.0000E+00  0.0000E+00
     1     5     1     4        0  0.7185E+00  0.2801E+00  0.0000E+00  0.0000E+00
     1     5     1     5        0  0.3530E+01  0.6964E+00  0.0000E+00  0.0000E+00
     1     5     1     6        0  0.3628E-04  0.2026E-02  0.0000E+00  0.0000E+00
     1     6     1     1        0  0.9182E+03  0.8992E+01  0.0000E+00  0.0000E+00
     1     6     1     2        0  0.3082E+02  0.3529E+01  0.0000E+00  0.0000E+00
     1     6     1     3        0  0.4388E+03  0.1048E+02  0.0000E+00  0.0000E+00
     1     6     1     4        0  0.1478E+01  0.6459E+00  0.0000E+00  0.0000E+00
     1     6     1     5        0  0.4706E+01  0.1052E+01  0.0000E+00  0.0000E+00
     1     6     1     6        0  0.2081E-03  0.6566E-02  0.0000E+00  0.0000E+00
     1     7     1     1        0  0.3894E+03  0.8326E+01  0.0000E+00  0.0000E+00
     1     7     1     2        0  0.6826E+02  0.6631E+01  0.0000E+00  0.0000E+00
     1     7     1     3        0  0.1200E+03  0.7545E+01  0.0000E+00  0.0000E+00
     1     7     1     4        0  0.5317E+01  0.1602E+01  0.0000E+00  0.0000E+00
     1     7     1     5        0  0.1157E+01  0.7181E+00  0.0000E+00  0.0000E+00
     1     7     1     6        0  0.5157E-03  0.1489E-01  0.0000E+00  0.0000E+00
     1     8     1     1        0  0.1680E+03  0.7259E+01  0.0000E+00  0.0000E+00
     1     8     1     2        0  0.9942E+02  0.9872E+01  0.0000E+00  0.0000E+00
     1     8     1     3        0  0.2566E+02  0.4459E+01  0.0000E+00  0.0000E+00
     1     8     1     4        0  0.3631E+01  0.1670E+01  0.0000E+00  0.0000E+00
     1     8     1     5        0  0.3301E-01  0.1534E+00  0.0000E+00  0.0000E+00
     1     9     1     1        0  0.7588E+02  0.6059E+01  0.0000E+00  0.0000E+00
     1     9     1     2        0  0.9872E+02  0.1149E+02  0.0000E+00  0.0000E+00
     1     9     1     3        0  0.5186E+01  0.2383E+01  0.0000E+00  0.0000E+00
     1     9     1     4        0  0.7452E+00  0.8910E+00  0.0000E+00  0.0000E+00
     1     9     1     5        0  0.2624E-03  0.1603E-01  0.0000E+00  0.0000E+00
     1    10     1     1        0  0.3606E+02  0.5173E+01  0.0000E+00  0.0000E+00
     1    10     1     2        0  0.7737E+02  0.1191E+02  0.0000E+00  0.0000E+00
     1    10     1     3        0  0.1046E+01  0.1260E+01  0.0000E+00  0.0000E+00
     1    10     1     4        0  0.8725E-01  0.3572E+00  0.0000E+00  0.0000E+00
     1    11     1     1        0  0.1801E+02  0.4510E+01  0.0000E+00  0.0000E+00
     1    11     1     2        0  0.5412E+02  0.1162E+02  0.0000E+00  0.0000E+00
     1    11     1     3        0  0.2134E+00  0.6634E+00  0.0000E+00  0.0000E+00
     1    12     1     1        0  0.3342E+02  0.4824E+01  0.0000E+00  0.0000E+00
     1    12     1     2        0  0.1080E+03  0.1287E+02  0.0000E+00  0.0000E+00
     1    12     1     3        0  0.9978E+00  0.1150E+01  0.0000E+00  0.0000E+00
     1    12     1     4        0  0.1397E+00  0.4076E+00  0.0000E+00  0.0000E+00
     1    13     1     1        0  0.8342E+02  0.6044E+01  0.0000E+00  0.0000E+00
     1    13     1     2        0  0.2161E+03  0.1482E+02  0.0000E+00  0.0000E+00
     1    13     1     3        0  0.6203E+01  0.2441E+01  0.0000E+00  0.0000E+00
     1    13     1     4        0  0.3063E+01  0.1536E+01  0.0000E+00  0.0000E+00
     1    13     1     5        0  0.1178E-02  0.2871E-01  0.0000E+00  0.0000E+00
     1    14     1     1        0  0.5204E+02  0.5913E+01  0.0000E+00  0.0000E+00
     1    14     1     2        0  0.1899E+03  0.1739E+02  0.0000E+00  0.0000E+00
     1    14     1     3        0  0.1690E+01  0.1645E+01  0.0000E+00  0.0000E+00
     1    14     1     4        0  0.5871E+00  0.8451E+00  0.0000E+00  0.0000E+00
     1    14     1     5        0  0.1584E-04  0.4170E-02  0.0000E+00  0.0000E+00
     1    15     1     1        0  0.2313E+02  0.4864E+01  0.0000E+00  0.0000E+00
     1    15     1     2        0  0.1029E+03  0.1650E+02  0.0000E+00  0.0000E+00
     1    15     1     3        0  0.1761E+00  0.6639E+00  0.0000E+00  0.0000E+00
     1    16     1     1        0  0.9244E+00  0.3794E+01  0.0000E+00  0.0000E+00
     1    16     1     2        0  0.2133E+01  0.8884E+01  0.0000E+00  0.0000E+00
     1    16     1     3        0  0.1310E-04  0.1713E-01  0.0000E+00  0.0000E+00
